







































DATE: 01/08/2020                                       TIMOTHY'S BOATS INC.                                                 PAGE:  1

BOAT TYPE: BASS BOAT                                                                                                                

CUSTOMER                                    BOAT         PURCHASE           ACCESSORY                     PREP                 TOTAL
LAST NAME              STATE                COST         DATE               PACKAGE                       COST                  COST
                                                                                                                                    
Grant                   ND             51,519.15       2001/07/11           ELECTRONICS              57,570.64            109,089.79
Reeves                  ND            999,999.99       2005/05/09           ELECTRONICS              85,076.70          1,085,076.69
French                  ND            644,495.45       2011/02/17           FISHING PACAKGE          10,862.33            655,357.78

          SUBTOTALS FOR ND           $1,696,01459          NUMBER SOLD:       3                                       $1,849,524.26 
                                                                                                                                    
Schwartz                IL                   .01       2013/04/27           ELECTRONICS              82,455.73             82,455.74
Deleon                  IL              6,206.17       2004/10/12           SKI PACKAGE              56,240.36             62,446.53
Mitchell                IL            960,098.32       2002/11/20           ELECTRONICS                    .01            960,098.33

          SUBTOTALS FOR IL             $966,30450          NUMBER SOLD:       3                                       $1,105,000.60 
                                                                                                                                    
Sharp                   NC            667,567.87       2004/04/12           ELECTRONICS              67,831.75            735,399.62
Sutton                  NC            423,601.01       2005/01/29           SKI PACKAGE              45,819.06            469,420.07
Hale                    NC            403,402.67       2005/07/26           ELECTRONICS              99,999.99            503,402.66
Matthews                NC            193,908.32       2018/03/17           FISHING PACAKGE          98,766.87            292,675.19

          SUBTOTALS FOR NC           $1,688,47987          NUMBER SOLD:       4                                       $2,000,897.54 
                                                                                                                                    
Mcguire                 AL            931,771.13       2015/06/28           FISHING PACAKGE          80,568.96          1,012,340.09
Parks                   AL            105,327.67       2005/07/29           ELECTRONICS              33,630.81            138,958.48
Duncan                  AL            524,015.49       2007/09/16           SKI PACKAGE              74,260.65            598,276.14
Casey                   AL            780,624.32       2016/08/06           FISHING PACAKGE          62,979.97            843,604.29

          SUBTOTALS FOR AL           $2,341,73861          NUMBER SOLD:       4                                       $2,593,179.00 
                                                                                                                                    

                      SUBTOTALS FOR BASS BOAT              NUMBER SOLD:     14                                        $7,548,601.40 

BOAT TYPE: CANOE                                                                                                                    
                                                                                                                                    
Cain                    OH            149,828.98       2018/04/09           FISHING PACAKGE           2,293.23            152,122.21

DATE: 01/08/2020                                       TIMOTHY'S BOATS INC.                                                 PAGE:  2

BOAT TYPE: CANOE                                                                                                                    

CUSTOMER                                    BOAT         PURCHASE           ACCESSORY                     PREP                 TOTAL
LAST NAME              STATE                COST         DATE               PACKAGE                       COST                  COST
                                                                                                                                    
Vaughn                  OH            447,864.88       2001/07/04           ELECTRONICS              33,632.41            481,497.29
Murray                  OH            879,084.12       2010/03/25           ELECTRONICS               1,591.84            880,675.96

          SUBTOTALS FOR OH           $1,476,77798          NUMBER SOLD:       3                                       $1,514,295.46 
                                                                                                                                    
Bishop                  IA            693,804.03       2003/07/19           SKI PACKAGE              21,437.26            715,241.29

          SUBTOTALS FOR IA             $693,80403          NUMBER SOLD:       1                                         $715,241.29 
                                                                                                                                    

                      SUBTOTALS FOR CANOE                  NUMBER SOLD:      4                                        $2,229,536.75 

BOAT TYPE: JOHN BOAT                                                                                                                
                                                                                                                                    
BarnesFisher            IA            941,650.62       2016/05/27           ELECTRONICS              65,114.43          1,006,765.05
MasonShaw               IA            366,106.43       2018/12/03           ELECTRONICS              43,208.79            409,315.22
Keller                  IA            764,670.52       2009/03/17           FISHING PACAKGE          92,499.90            857,170.42
Gomez                   IA            679,973.89       2016/03/03           FISHING PACAKGE          26,842.40            706,816.29
Dawson                  IA            566,386.05       2011/12/03           ELECTRONICS              54,554.43            620,940.48

          SUBTOTALS FOR IA           $3,318,78751          NUMBER SOLD:       5                                       $3,601,007.46 
                                                                                                                                    
Cameron                 SC            795,339.47       2014/12/30           SKI PACKAGE              18,006.79            813,346.26
Cooper                  SC            978,417.87       2012/08/25           ELECTRONICS              34,703.17          1,013,121.04
PooleCalderon           SC            275,673.87       2006/10/24           SKI PACKAGE              74,891.30            350,565.17
Smith                   SC            269,710.45       2012/03/12           ELECTRONICS               7,415.09            277,125.54
Hess                    SC            212,329.21       2018/09/10           ELECTRONICS              91,841.21            304,170.42

          SUBTOTALS FOR SC           $2,531,47087          NUMBER SOLD:       5                                       $2,758,328.43 




DATE: 01/08/2020                                       TIMOTHY'S BOATS INC.                                                 PAGE:  3

BOAT TYPE: CABIN CRUISER                                                                                                            

CUSTOMER                                    BOAT         PURCHASE           ACCESSORY                     PREP                 TOTAL
LAST NAME              STATE                COST         DATE               PACKAGE                       COST                  COST
                                                                                                                                    
                                                                                                                                    

                      SUBTOTALS FOR CABIN CRUISER          NUMBER SOLD:     10                                        $6,359,335.89 

BOAT TYPE: CABIN CRUISER                                                                                                            
                                                                                                                                    
Nelson                  SC            904,184.32       2013/02/11           FISHING PACAKGE          20,851.18            925,035.50

          SUBTOTALS FOR SC             $904,18432          NUMBER SOLD:       1                                         $925,035.50 
                                                                                                                                    
Alvarado                CO            593,707.53       2017/06/08           SKI PACKAGE              13,947.32            607,654.85
Lamb                    CO            913,838.14       2004/07/14           FISHING PACAKGE          98,752.22          1,012,590.36
Simmons                 CO            551,779.60       2004/03/06           ELECTRONICS              99,339.38            651,118.98
Jackson                 CO            296,992.50       2010/09/18           SKI PACKAGE              97,542.76            394,535.26
Sullivan                CO            778,272.94       2012/10/25           FISHING PACAKGE          97,631.48            875,904.42
Phillips                CO            542,713.95       2012/02/14           SKI PACKAGE              17,042.31            559,756.26
Lee                     CO            348,285.31       2001/10/05           ELECTRONICS              55,013.58            403,298.89

          SUBTOTALS FOR CO           $4,025,58997          NUMBER SOLD:       7                                       $4,504,859.02 
                                                                                                                                    
Buchanan                WA            832,668.36       2005/04/17           FISHING PACAKGE          43,823.43            876,491.79
Underwood               WA            820,721.92       2009/07/10           SKI PACKAGE               9,700.04            830,421.96
Dawson                  WA            988,023.96       2009/09/10           SKI PACKAGE              86,432.26          1,074,456.22

          SUBTOTALS FOR WA           $2,641,41424          NUMBER SOLD:       3                                       $2,781,369.97 
                                                                                                                                    

                      SUBTOTALS FOR CABIN CRUISER          NUMBER SOLD:     11                                        $8,211,264.49 

BOAT TYPE: PONTOON                                                                                                                  
                                                                                                                                    
Day                     MI            616,739.63       2003/05/28           ELECTRONICS              65,470.84            682,210.47

DATE: 01/08/2020                                       TIMOTHY'S BOATS INC.                                                 PAGE:  4

BOAT TYPE: PONTOON                                                                                                                  

CUSTOMER                                    BOAT         PURCHASE           ACCESSORY                     PREP                 TOTAL
LAST NAME              STATE                COST         DATE               PACKAGE                       COST                  COST
                                                                                                                                    
Powell                  MI            509,824.61       2019/04/23           SKI PACKAGE              17,609.01            527,433.62
Morgan                  MI            327,744.08       2015/03/16           FISHING PACAKGE          52,987.44            380,731.52
Farmer                  MI            959,524.90       2004/02/27           SKI PACKAGE              86,985.11          1,046,510.01
Pearson                 MI            834,809.01       2005/04/18           FISHING PACAKGE          19,448.93            854,257.94

          SUBTOTALS FOR MI           $3,248,64223          NUMBER SOLD:       5                                       $3,491,143.56 
                                                                                                                                    

                      SUBTOTALS FOR PONTOON                NUMBER SOLD:      5                                        $3,491,143.56 

BOAT TYPE: SKI BOAT                                                                                                                 
                                                                                                                                    
Mueller                 WA            784,411.26       2004/05/13           FISHING PACAKGE          74,272.83            858,684.09
Tran                    WA            998,000.25       2012/07/13           ELECTRONICS              62,095.19          1,060,095.44
Warner                  WA            976,713.15       2003/08/07           FISHING PACAKGE          36,990.09          1,013,703.24
Bauer                   WA             91,558.32       2017/04/24           SKI PACKAGE              34,852.53            126,410.85

          SUBTOTALS FOR WA           $2,850,68298          NUMBER SOLD:       4                                       $3,058,893.62 
                                                                                                                                    
Wagner                  TN             55,638.77       2001/01/27           FISHING PACAKGE          26,528.05             82,166.82
Ford                    TN            930,762.80       2003/09/03           SKI PACKAGE              14,866.58            945,629.38

          SUBTOTALS FOR TN             $986,40157          NUMBER SOLD:       2                                       $1,027,796.20 
                                                                                                                                    

                      SUBTOTALS FOR SKI BOAT               NUMBER SOLD:      6                                        $4,086,689.82 


                       GRAND TOTALS                         NUMBER SOLD:     50                                       $31,926,571.91