







































DATE: 12/09/2019                                      TIMOTHY'S MONTHLY SALES                                               PAGE:  1

     ITEM                       PRIOR       CURRENT         SALES INCREASE        INCR/DECR          SALE                           
    NUMBER    SALES DATE         QTY          QTY           /DECREASE AMT         PERCENTAGE        PRICE          TOTAL SALES      

    B-B-CX    01/15/2002       19,526        49,284            29,758               +152%          $63.30        $3,119,677.20      

    Z-C-XZ    06/05/2005       99,999        62,636            37,363-               -37%          $84.07        $5,265,808.52      

    Z-M-LB    04/25/2019       70,893        47,385            23,508-               -33%          $99.99        $4,738,026.15      

    X-M-BC    04/16/2005       60,785        99,999            39,214                +65%          $88.43        $8,842,911.57      

    M-X-XL    11/01/2002       62,508         4,153            58,355-               -93%          $58.65          $243,573.45      

    L-M-ZC    01/30/2015          137         6,026             5,889               +299%          $11.26           $67,852.76      

    Z-M-AM    01/05/2007       97,206        27,303            69,903-               -72%          $89.16        $2,434,335.48      

    M-A-CA    04/03/2004       45,538        96,358            50,820               +112%          $57.63        $5,553,111.54      

    C-B-ML    06/29/2009       30,273         4,346            25,927-               -86%          $48.20          $209,477.20      

    M-L-CX    05/10/2008        1,351        70,861            69,510               +145%          $22.39        $1,586,577.79      

    X-B-MC    11/08/2011       56,448        63,061             6,613                +12%          $44.54        $2,808,736.94      

    C-X-XM    01/12/2005       53,946        67,523            13,577                +25%          $59.77        $4,035,849.71      

    M-M-ZM    01/08/2014       27,740         3,004            24,736-               -89%          $15.25           $45,811.00      

    L-A-ZB    07/20/2015       39,569        22,502            17,067-               -43%          $45.84        $1,031,491.68      

    X-L-BA    12/11/2004       62,349         6,389            55,960-               -90%          $49.62          $317,022.18      

    X-B-XB    07/01/2001       93,099        59,659            33,440-               -36%          $71.64        $4,273,970.76      




DATE: 12/09/2019                                      TIMOTHY'S MONTHLY SALES                                               PAGE:  2

     ITEM                       PRIOR       CURRENT         SALES INCREASE        INCR/DECR          SALE                           
    NUMBER    SALES DATE         QTY          QTY           /DECREASE AMT         PERCENTAGE        PRICE          TOTAL SALES      

    A-X-MM    04/12/2019       63,104        94,595            31,491                +50%          $81.29        $7,689,627.55      

    C-Z-AC    10/25/2003       55,832        72,042            16,210                +29%          $25.86        $1,863,006.12      

    Z-L-BA    05/25/2001       70,134        80,227            10,093                +14%          $79.66        $6,390,882.82      

    L-B-CC    05/24/2017       30,367        96,593            66,226               +218%          $92.22        $8,907,806.46      

    M-X-XB    09/18/2007       86,378        94,416             8,038                 +9%          $83.57        $7,890,345.12      

    X-B-XB    05/01/2005       44,817        91,501            46,684               +104%          $38.90        $3,559,388.90      

    L-Z-ZZ    10/27/2005        7,262        23,544            16,282               +224%          $44.16        $1,039,703.04      

    A-X-CC    12/31/2016       65,793        16,600            49,193-               -75%          $10.40          $172,640.00      

    X-X-MX    09/16/2011       54,329        55,398             1,069                 +2%          $47.37        $2,624,203.26      

    X-M-XC    07/06/2015        7,847        10,051             2,204                +28%          $71.75          $721,159.25      

    B-A-XM    04/26/2019        1,594        24,628            23,034               +445%          $59.69        $1,470,045.32      

    L-A-AC    06/16/2011        7,773         3,326             4,447-               -57%          $55.35          $184,094.10      

    X-B-CM    06/03/2013       79,142        32,679            46,463-               -59%           $5.31          $173,525.49      

    X-X-MB    03/31/2014       91,880        17,295            74,585-               -81%          $57.07          $987,025.65      

    B-C-AB    03/08/2018       92,293        91,675               618-                -1%          $44.38        $4,068,536.50      

    A-Z-AB    11/15/2014       62,456        71,545             9,089                +15%          $55.80        $3,992,211.00      




DATE: 12/09/2019                                      TIMOTHY'S MONTHLY SALES                                               PAGE:  3

     ITEM                       PRIOR       CURRENT         SALES INCREASE        INCR/DECR          SALE                           
    NUMBER    SALES DATE         QTY          QTY           /DECREASE AMT         PERCENTAGE        PRICE          TOTAL SALES      

    B-Z-BC    02/20/2012       92,191         3,515            88,676-               -96%          $53.03          $186,400.45      

    M-A-XB    03/26/2016       70,965        87,628            16,663                +23%          $19.88        $1,742,044.64      

    A-A-XA    02/18/2007       36,979        13,869            23,110-               -62%          $23.31          $323,286.39      

    Z-A-BB    10/10/2004       45,669        52,861             7,192                +16%          $34.44        $1,820,532.84      

    C-A-CZ    10/18/2012        9,845        80,502            70,657               +718%          $53.16        $4,279,486.32      

    X-C-MB    05/05/2019       76,841        38,441            38,400-               -50%           $5.84          $224,495.44      

    A-C-BZ    08/15/2016       34,271        69,214            34,943               +102%          $75.54        $5,228,425.56      

    A-B-ZA    03/12/2011       37,130        41,389             4,259                +11%          $44.17        $1,828,152.13      



                                             GRAND TOTALS:     82,808                                          $111,941,258.28      
                         AVERAGE INCREASE/DECREASE AMOUNT:      2,070                                                               
                     AVERAGE INCREASE DECREASE PERCENTAGE        +179 %                                                             